2017-08-31 10:17:22 DEBUG StandardEnvironment 112 - Initializing new StandardEnvironment
2017-08-31 10:17:22 DEBUG StandardEnvironment 107 - Adding [systemProperties] PropertySource with lowest search precedence
2017-08-31 10:17:22 DEBUG StandardEnvironment 107 - Adding [systemEnvironment] PropertySource with lowest search precedence
2017-08-31 10:17:22 DEBUG StandardEnvironment 116 - Initialized StandardEnvironment with PropertySources [systemProperties,systemEnvironment]
2017-08-31 10:17:22 INFO  ClassPathXmlApplicationContext 503 - Refreshing org.springframework.context.support.ClassPathXmlApplicationContext@e369b7: startup date [Thu Aug 31 10:17:22 EDT 2017]; root of context hierarchy
2017-08-31 10:17:22 DEBUG StandardEnvironment 112 - Initializing new StandardEnvironment
2017-08-31 10:17:22 DEBUG StandardEnvironment 107 - Adding [systemProperties] PropertySource with lowest search precedence
2017-08-31 10:17:22 DEBUG StandardEnvironment 107 - Adding [systemEnvironment] PropertySource with lowest search precedence
2017-08-31 10:17:22 DEBUG StandardEnvironment 116 - Initialized StandardEnvironment with PropertySources [systemProperties,systemEnvironment]
2017-08-31 10:17:22 DEBUG StandardEnvironment 112 - Initializing new StandardEnvironment
2017-08-31 10:17:22 DEBUG StandardEnvironment 107 - Adding [systemProperties] PropertySource with lowest search precedence
2017-08-31 10:17:22 DEBUG StandardEnvironment 107 - Adding [systemEnvironment] PropertySource with lowest search precedence
2017-08-31 10:17:22 DEBUG StandardEnvironment 116 - Initialized StandardEnvironment with PropertySources [systemProperties,systemEnvironment]
2017-08-31 10:17:22 INFO  XmlBeanDefinitionReader 315 - Loading XML bean definitions from class path resource [dao-beans.xml]
2017-08-31 10:17:22 DEBUG DefaultDocumentLoader 72 - Using JAXP provider [com.sun.org.apache.xerces.internal.jaxp.DocumentBuilderFactoryImpl]
2017-08-31 10:17:22 DEBUG PluggableSchemaResolver 140 - Loading schema mappings from [META-INF/spring.schemas]
2017-08-31 10:17:22 DEBUG PluggableSchemaResolver 146 - Loaded schema mappings: {http://www.springframework.org/schema/util/spring-util.xsd=org/springframework/beans/factory/xml/spring-util-3.1.xsd, http://www.springframework.org/schema/mvc/spring-mvc-3.1.xsd=org/springframework/web/servlet/config/spring-mvc-3.1.xsd, http://www.springframework.org/schema/task/spring-task.xsd=org/springframework/scheduling/config/spring-task-3.1.xsd, http://www.springframework.org/schema/beans/spring-beans-3.1.xsd=org/springframework/beans/factory/xml/spring-beans-3.1.xsd, http://www.springframework.org/schema/security/spring-security-2.0.2.xsd=org/springframework/security/config/spring-security-2.0.2.xsd, http://www.springframework.org/schema/cache/spring-cache.xsd=org/springframework/cache/config/spring-cache-3.1.xsd, http://www.springframework.org/schema/aop/spring-aop-3.0.xsd=org/springframework/aop/config/spring-aop-3.0.xsd, http://www.springframework.org/schema/task/spring-task-3.1.xsd=org/springframework/scheduling/config/spring-task-3.1.xsd, http://www.springframework.org/schema/aop/spring-aop-2.0.xsd=org/springframework/aop/config/spring-aop-2.0.xsd, http://www.springframework.org/schema/tool/spring-tool-2.5.xsd=org/springframework/beans/factory/xml/spring-tool-2.5.xsd, http://www.springframework.org/schema/security/spring-security-4.1.xsd=org/springframework/security/config/spring-security-4.1.xsd, http://www.springframework.org/schema/security/spring-security-3.1.xsd=org/springframework/security/config/spring-security-3.1.xsd, http://www.springframework.org/schema/beans/spring-beans.xsd=org/springframework/beans/factory/xml/spring-beans-3.1.xsd, http://www.springframework.org/schema/jee/spring-jee-2.5.xsd=org/springframework/ejb/config/spring-jee-2.5.xsd, http://www.springframework.org/schema/jdbc/spring-jdbc-3.1.xsd=org/springframework/jdbc/config/spring-jdbc-3.1.xsd, http://www.springframework.org/schema/tool/spring-tool-3.1.xsd=org/springframework/beans/factory/xml/spring-tool-3.1.xsd, http://www.springframework.org/schema/security/spring-security-3.0.3.xsd=org/springframework/security/config/spring-security-3.0.3.xsd, http://www.springframework.org/schema/jee/spring-jee-3.1.xsd=org/springframework/ejb/config/spring-jee-3.1.xsd, http://www.springframework.org/schema/aop/spring-aop.xsd=org/springframework/aop/config/spring-aop-3.1.xsd, http://www.springframework.org/schema/beans/spring-beans-2.0.xsd=org/springframework/beans/factory/xml/spring-beans-2.0.xsd, http://www.springframework.org/schema/mvc/spring-mvc-3.0.xsd=org/springframework/web/servlet/config/spring-mvc-3.0.xsd, http://www.springframework.org/schema/beans/spring-beans-3.0.xsd=org/springframework/beans/factory/xml/spring-beans-3.0.xsd, http://www.springframework.org/schema/security/spring-security-2.0.1.xsd=org/springframework/security/config/spring-security-2.0.1.xsd, http://www.springframework.org/schema/task/spring-task-3.0.xsd=org/springframework/scheduling/config/spring-task-3.0.xsd, http://www.springframework.org/schema/security/spring-security-2.0.xsd=org/springframework/security/config/spring-security-2.0.xsd, http://www.springframework.org/schema/security/spring-security-4.0.xsd=org/springframework/security/config/spring-security-4.0.xsd, http://www.springframework.org/schema/security/spring-security-3.0.xsd=org/springframework/security/config/spring-security-3.0.xsd, http://www.springframework.org/schema/context/spring-context-2.5.xsd=org/springframework/context/config/spring-context-2.5.xsd, http://www.springframework.org/schema/tx/spring-tx-2.5.xsd=org/springframework/transaction/config/spring-tx-2.5.xsd, http://www.springframework.org/schema/jdbc/spring-jdbc-3.0.xsd=org/springframework/jdbc/config/spring-jdbc-3.0.xsd, http://www.springframework.org/schema/tool/spring-tool-3.0.xsd=org/springframework/beans/factory/xml/spring-tool-3.0.xsd, http://www.springframework.org/schema/lang/spring-lang.xsd=org/springframework/scripting/config/spring-lang-3.1.xsd, http://www.springframework.org/schema/util/spring-util-2.5.xsd=org/springframework/beans/factory/xml/spring-util-2.5.xsd, http://www.springframework.org/schema/tx/spring-tx.xsd=org/springframework/transaction/config/spring-tx-3.1.xsd, http://www.springframework.org/schema/tool/spring-tool-2.0.xsd=org/springframework/beans/factory/xml/spring-tool-2.0.xsd, http://www.springframework.org/schema/lang/spring-lang-2.5.xsd=org/springframework/scripting/config/spring-lang-2.5.xsd, http://www.springframework.org/schema/security/spring-security-2.0.4.xsd=org/springframework/security/config/spring-security-2.0.4.xsd, http://www.springframework.org/schema/jee/spring-jee-3.0.xsd=org/springframework/ejb/config/spring-jee-3.0.xsd, http://www.springframework.org/schema/jee/spring-jee-2.0.xsd=org/springframework/ejb/config/spring-jee-2.0.xsd, http://www.springframework.org/schema/context/spring-context-3.1.xsd=org/springframework/context/config/spring-context-3.1.xsd, http://www.springframework.org/schema/tx/spring-tx-3.1.xsd=org/springframework/transaction/config/spring-tx-3.1.xsd, http://www.springframework.org/schema/util/spring-util-3.1.xsd=org/springframework/beans/factory/xml/spring-util-3.1.xsd, http://www.springframework.org/schema/lang/spring-lang-3.1.xsd=org/springframework/scripting/config/spring-lang-3.1.xsd, http://www.springframework.org/schema/cache/spring-cache-3.1.xsd=org/springframework/cache/config/spring-cache-3.1.xsd, http://www.springframework.org/schema/context/spring-context.xsd=org/springframework/context/config/spring-context-3.1.xsd, http://www.springframework.org/schema/security/spring-security.xsd=org/springframework/security/config/spring-security-4.2.xsd, http://www.springframework.org/schema/jee/spring-jee.xsd=org/springframework/ejb/config/spring-jee-3.1.xsd, http://www.springframework.org/schema/aop/spring-aop-2.5.xsd=org/springframework/aop/config/spring-aop-2.5.xsd, http://www.springframework.org/schema/mvc/spring-mvc.xsd=org/springframework/web/servlet/config/spring-mvc-3.1.xsd, http://www.springframework.org/schema/jdbc/spring-jdbc.xsd=org/springframework/jdbc/config/spring-jdbc-3.1.xsd, http://www.springframework.org/schema/tx/spring-tx-2.0.xsd=org/springframework/transaction/config/spring-tx-2.0.xsd, http://www.springframework.org/schema/aop/spring-aop-3.1.xsd=org/springframework/aop/config/spring-aop-3.1.xsd, http://www.springframework.org/schema/context/spring-context-3.0.xsd=org/springframework/context/config/spring-context-3.0.xsd, http://www.springframework.org/schema/tx/spring-tx-3.0.xsd=org/springframework/transaction/config/spring-tx-3.0.xsd, http://www.springframework.org/schema/tool/spring-tool.xsd=org/springframework/beans/factory/xml/spring-tool-3.1.xsd, http://www.springframework.org/schema/util/spring-util-3.0.xsd=org/springframework/beans/factory/xml/spring-util-3.0.xsd, http://www.springframework.org/schema/lang/spring-lang-3.0.xsd=org/springframework/scripting/config/spring-lang-3.0.xsd, http://www.springframework.org/schema/util/spring-util-2.0.xsd=org/springframework/beans/factory/xml/spring-util-2.0.xsd, http://www.springframework.org/schema/security/spring-security-4.2.xsd=org/springframework/security/config/spring-security-4.2.xsd, http://www.springframework.org/schema/lang/spring-lang-2.0.xsd=org/springframework/scripting/config/spring-lang-2.0.xsd, http://www.springframework.org/schema/security/spring-security-3.2.xsd=org/springframework/security/config/spring-security-3.2.xsd, http://www.springframework.org/schema/beans/spring-beans-2.5.xsd=org/springframework/beans/factory/xml/spring-beans-2.5.xsd}
2017-08-31 10:17:22 DEBUG PluggableSchemaResolver 118 - Found XML schema [http://www.springframework.org/schema/beans/spring-beans.xsd] in classpath: org/springframework/beans/factory/xml/spring-beans-3.1.xsd
2017-08-31 10:17:22 DEBUG PluggableSchemaResolver 118 - Found XML schema [http://www.springframework.org/schema/tx/spring-tx-3.1.xsd] in classpath: org/springframework/transaction/config/spring-tx-3.1.xsd
2017-08-31 10:17:22 DEBUG PluggableSchemaResolver 118 - Found XML schema [http://www.springframework.org/schema/tool/spring-tool-3.1.xsd] in classpath: org/springframework/beans/factory/xml/spring-tool-3.1.xsd
2017-08-31 10:17:22 DEBUG DefaultBeanDefinitionDocumentReader 108 - Loading bean definitions
2017-08-31 10:17:22 DEBUG DefaultNamespaceHandlerResolver 156 - Loaded NamespaceHandler mappings: {http://www.springframework.org/schema/p=org.springframework.beans.factory.xml.SimplePropertyNamespaceHandler, http://www.springframework.org/schema/mvc=org.springframework.web.servlet.config.MvcNamespaceHandler, http://www.springframework.org/schema/util=org.springframework.beans.factory.xml.UtilNamespaceHandler, http://www.springframework.org/schema/jee=org.springframework.ejb.config.JeeNamespaceHandler, http://www.springframework.org/schema/aop=org.springframework.aop.config.AopNamespaceHandler, http://www.springframework.org/schema/jdbc=org.springframework.jdbc.config.JdbcNamespaceHandler, http://www.springframework.org/schema/cache=org.springframework.cache.config.CacheNamespaceHandler, http://www.springframework.org/schema/c=org.springframework.beans.factory.xml.SimpleConstructorNamespaceHandler, http://www.springframework.org/schema/security=org.springframework.security.config.SecurityNamespaceHandler, http://www.springframework.org/schema/tx=org.springframework.transaction.config.TxNamespaceHandler, http://www.springframework.org/schema/task=org.springframework.scheduling.config.TaskNamespaceHandler, http://www.springframework.org/schema/lang=org.springframework.scripting.config.LangNamespaceHandler, http://www.springframework.org/schema/context=org.springframework.context.config.ContextNamespaceHandler}
2017-08-31 10:17:22 DEBUG BeanDefinitionParserDelegate 467 - No XML 'id' specified - using 'dataSource' as bean name and [] as aliases
2017-08-31 10:17:22 DEBUG BeanDefinitionParserDelegate 467 - No XML 'id' specified - using 'sessionFactory' as bean name and [] as aliases
2017-08-31 10:17:22 DEBUG BeanDefinitionParserDelegate 467 - No XML 'id' specified - using 'transactionManager' as bean name and [] as aliases
2017-08-31 10:17:22 DEBUG BeanDefinitionParserDelegate 467 - No XML 'id' specified - using 'ImpReviewDAO' as bean name and [] as aliases
2017-08-31 10:17:22 DEBUG BeanDefinitionParserDelegate 467 - No XML 'id' specified - using 'UserDAO' as bean name and [] as aliases
2017-08-31 10:17:22 DEBUG BeanDefinitionParserDelegate 467 - No XML 'id' specified - using 'RestaurantDAO' as bean name and [] as aliases
2017-08-31 10:17:22 DEBUG XmlBeanDefinitionReader 216 - Loaded 10 bean definitions from location pattern [dao-beans.xml]
2017-08-31 10:17:22 DEBUG ClassPathXmlApplicationContext 533 - Bean factory for org.springframework.context.support.ClassPathXmlApplicationContext@e369b7: org.springframework.beans.factory.support.DefaultListableBeanFactory@11276c2: defining beans [org.springframework.aop.config.internalAutoProxyCreator,org.springframework.transaction.annotation.AnnotationTransactionAttributeSource#0,org.springframework.transaction.interceptor.TransactionInterceptor#0,org.springframework.transaction.config.internalTransactionAdvisor,dataSource,sessionFactory,transactionManager,ImpReviewDAO,UserDAO,RestaurantDAO]; root of factory hierarchy
2017-08-31 10:17:22 DEBUG DefaultListableBeanFactory 217 - Creating shared instance of singleton bean 'org.springframework.aop.config.internalAutoProxyCreator'
2017-08-31 10:17:22 DEBUG DefaultListableBeanFactory 430 - Creating instance of bean 'org.springframework.aop.config.internalAutoProxyCreator'
2017-08-31 10:17:22 DEBUG DefaultListableBeanFactory 504 - Eagerly caching bean 'org.springframework.aop.config.internalAutoProxyCreator' to allow for resolving potential circular references
2017-08-31 10:17:22 DEBUG DefaultListableBeanFactory 458 - Finished creating instance of bean 'org.springframework.aop.config.internalAutoProxyCreator'
2017-08-31 10:17:22 DEBUG ClassPathXmlApplicationContext 800 - Unable to locate MessageSource with name 'messageSource': using default [org.springframework.context.support.DelegatingMessageSource@6279ee]
2017-08-31 10:17:22 DEBUG ClassPathXmlApplicationContext 824 - Unable to locate ApplicationEventMulticaster with name 'applicationEventMulticaster': using default [org.springframework.context.event.SimpleApplicationEventMulticaster@f7c8c1]
2017-08-31 10:17:22 INFO  DefaultListableBeanFactory 577 - Pre-instantiating singletons in org.springframework.beans.factory.support.DefaultListableBeanFactory@11276c2: defining beans [org.springframework.aop.config.internalAutoProxyCreator,org.springframework.transaction.annotation.AnnotationTransactionAttributeSource#0,org.springframework.transaction.interceptor.TransactionInterceptor#0,org.springframework.transaction.config.internalTransactionAdvisor,dataSource,sessionFactory,transactionManager,ImpReviewDAO,UserDAO,RestaurantDAO]; root of factory hierarchy
2017-08-31 10:17:22 DEBUG DefaultListableBeanFactory 245 - Returning cached instance of singleton bean 'org.springframework.aop.config.internalAutoProxyCreator'
2017-08-31 10:17:22 DEBUG DefaultListableBeanFactory 217 - Creating shared instance of singleton bean 'org.springframework.transaction.annotation.AnnotationTransactionAttributeSource#0'
2017-08-31 10:17:22 DEBUG DefaultListableBeanFactory 430 - Creating instance of bean 'org.springframework.transaction.annotation.AnnotationTransactionAttributeSource#0'
2017-08-31 10:17:22 DEBUG DefaultListableBeanFactory 504 - Eagerly caching bean 'org.springframework.transaction.annotation.AnnotationTransactionAttributeSource#0' to allow for resolving potential circular references
2017-08-31 10:17:22 DEBUG DefaultListableBeanFactory 217 - Creating shared instance of singleton bean 'org.springframework.transaction.config.internalTransactionAdvisor'
2017-08-31 10:17:22 DEBUG DefaultListableBeanFactory 430 - Creating instance of bean 'org.springframework.transaction.config.internalTransactionAdvisor'
2017-08-31 10:17:22 DEBUG DefaultListableBeanFactory 504 - Eagerly caching bean 'org.springframework.transaction.config.internalTransactionAdvisor' to allow for resolving potential circular references
2017-08-31 10:17:22 DEBUG DefaultListableBeanFactory 241 - Returning eagerly cached instance of singleton bean 'org.springframework.transaction.annotation.AnnotationTransactionAttributeSource#0' that is not fully initialized yet - a consequence of a circular reference
2017-08-31 10:17:22 DEBUG DefaultListableBeanFactory 458 - Finished creating instance of bean 'org.springframework.transaction.config.internalTransactionAdvisor'
2017-08-31 10:17:22 DEBUG DefaultListableBeanFactory 458 - Finished creating instance of bean 'org.springframework.transaction.annotation.AnnotationTransactionAttributeSource#0'
2017-08-31 10:17:22 DEBUG DefaultListableBeanFactory 217 - Creating shared instance of singleton bean 'org.springframework.transaction.interceptor.TransactionInterceptor#0'
2017-08-31 10:17:22 DEBUG DefaultListableBeanFactory 430 - Creating instance of bean 'org.springframework.transaction.interceptor.TransactionInterceptor#0'
2017-08-31 10:17:22 DEBUG DefaultListableBeanFactory 504 - Eagerly caching bean 'org.springframework.transaction.interceptor.TransactionInterceptor#0' to allow for resolving potential circular references
2017-08-31 10:17:22 DEBUG DefaultListableBeanFactory 245 - Returning cached instance of singleton bean 'org.springframework.transaction.annotation.AnnotationTransactionAttributeSource#0'
2017-08-31 10:17:22 DEBUG DefaultListableBeanFactory 1498 - Invoking afterPropertiesSet() on bean with name 'org.springframework.transaction.interceptor.TransactionInterceptor#0'
2017-08-31 10:17:22 DEBUG DefaultListableBeanFactory 458 - Finished creating instance of bean 'org.springframework.transaction.interceptor.TransactionInterceptor#0'
2017-08-31 10:17:22 DEBUG DefaultListableBeanFactory 245 - Returning cached instance of singleton bean 'org.springframework.transaction.config.internalTransactionAdvisor'
2017-08-31 10:17:22 DEBUG DefaultListableBeanFactory 217 - Creating shared instance of singleton bean 'dataSource'
2017-08-31 10:17:22 DEBUG DefaultListableBeanFactory 430 - Creating instance of bean 'dataSource'
2017-08-31 10:17:22 DEBUG DefaultListableBeanFactory 504 - Eagerly caching bean 'dataSource' to allow for resolving potential circular references
2017-08-31 10:17:22 DEBUG DefaultListableBeanFactory 245 - Returning cached instance of singleton bean 'systemEnvironment'
2017-08-31 10:17:22 DEBUG DefaultListableBeanFactory 245 - Returning cached instance of singleton bean 'org.springframework.transaction.config.internalTransactionAdvisor'
2017-08-31 10:17:22 DEBUG DefaultListableBeanFactory 458 - Finished creating instance of bean 'dataSource'
2017-08-31 10:17:22 DEBUG DefaultListableBeanFactory 217 - Creating shared instance of singleton bean 'sessionFactory'
2017-08-31 10:17:22 DEBUG DefaultListableBeanFactory 430 - Creating instance of bean 'sessionFactory'
2017-08-31 10:17:22 DEBUG DefaultListableBeanFactory 504 - Eagerly caching bean 'sessionFactory' to allow for resolving potential circular references
2017-08-31 10:17:22 DEBUG DefaultListableBeanFactory 245 - Returning cached instance of singleton bean 'dataSource'
2017-08-31 10:17:22 DEBUG StandardEnvironment 112 - Initializing new StandardEnvironment
2017-08-31 10:17:22 DEBUG StandardEnvironment 107 - Adding [systemProperties] PropertySource with lowest search precedence
2017-08-31 10:17:22 DEBUG StandardEnvironment 107 - Adding [systemEnvironment] PropertySource with lowest search precedence
2017-08-31 10:17:22 DEBUG StandardEnvironment 116 - Initialized StandardEnvironment with PropertySources [systemProperties,systemEnvironment]
2017-08-31 10:17:22 DEBUG StandardEnvironment 112 - Initializing new StandardEnvironment
2017-08-31 10:17:22 DEBUG StandardEnvironment 107 - Adding [systemProperties] PropertySource with lowest search precedence
2017-08-31 10:17:22 DEBUG StandardEnvironment 107 - Adding [systemEnvironment] PropertySource with lowest search precedence
2017-08-31 10:17:22 DEBUG StandardEnvironment 116 - Initialized StandardEnvironment with PropertySources [systemProperties,systemEnvironment]
2017-08-31 10:17:22 DEBUG StandardEnvironment 112 - Initializing new StandardEnvironment
2017-08-31 10:17:22 DEBUG StandardEnvironment 107 - Adding [systemProperties] PropertySource with lowest search precedence
2017-08-31 10:17:22 DEBUG StandardEnvironment 107 - Adding [systemEnvironment] PropertySource with lowest search precedence
2017-08-31 10:17:22 DEBUG StandardEnvironment 116 - Initialized StandardEnvironment with PropertySources [systemProperties,systemEnvironment]
2017-08-31 10:17:22 DEBUG StandardEnvironment 112 - Initializing new StandardEnvironment
2017-08-31 10:17:22 DEBUG StandardEnvironment 107 - Adding [systemProperties] PropertySource with lowest search precedence
2017-08-31 10:17:22 DEBUG StandardEnvironment 107 - Adding [systemEnvironment] PropertySource with lowest search precedence
2017-08-31 10:17:22 DEBUG StandardEnvironment 116 - Initialized StandardEnvironment with PropertySources [systemProperties,systemEnvironment]
2017-08-31 10:17:22 DEBUG StandardEnvironment 112 - Initializing new StandardEnvironment
2017-08-31 10:17:22 DEBUG StandardEnvironment 107 - Adding [systemProperties] PropertySource with lowest search precedence
2017-08-31 10:17:22 DEBUG StandardEnvironment 107 - Adding [systemEnvironment] PropertySource with lowest search precedence
2017-08-31 10:17:22 DEBUG StandardEnvironment 116 - Initialized StandardEnvironment with PropertySources [systemProperties,systemEnvironment]
2017-08-31 10:17:22 DEBUG DefaultListableBeanFactory 1498 - Invoking afterPropertiesSet() on bean with name 'sessionFactory'
2017-08-31 10:17:22 DEBUG PathMatchingResourcePatternResolver 550 - Looking for matching resources in directory tree [C:\Users\William\Project2\R3\target\classes\com\R3\beans]
2017-08-31 10:17:22 DEBUG PathMatchingResourcePatternResolver 612 - Searching directory [C:\Users\William\Project2\R3\target\classes\com\R3\beans] for files matching pattern [C:/Users/William/Project2/R3/target/classes/com/R3/beans/**/*.class]
2017-08-31 10:17:22 DEBUG PathMatchingResourcePatternResolver 351 - Resolved location pattern [classpath*:com/R3/beans/**/*.class] to resources [file [C:\Users\William\Project2\R3\target\classes\com\R3\beans\HoursOfOperation.class], file [C:\Users\William\Project2\R3\target\classes\com\R3\beans\OperatingWeek.class], file [C:\Users\William\Project2\R3\target\classes\com\R3\beans\RestaurantBean.class], file [C:\Users\William\Project2\R3\target\classes\com\R3\beans\ReviewBean.class], file [C:\Users\William\Project2\R3\target\classes\com\R3\beans\UserBean.class]]
2017-08-31 10:17:22 INFO  AnnotationSessionFactoryBean 777 - Building new Hibernate SessionFactory
2017-08-31 10:17:27 DEBUG DefaultListableBeanFactory 245 - Returning cached instance of singleton bean 'org.springframework.transaction.config.internalTransactionAdvisor'
2017-08-31 10:17:27 DEBUG DefaultListableBeanFactory 458 - Finished creating instance of bean 'sessionFactory'
2017-08-31 10:17:27 DEBUG DefaultListableBeanFactory 217 - Creating shared instance of singleton bean 'transactionManager'
2017-08-31 10:17:27 DEBUG DefaultListableBeanFactory 430 - Creating instance of bean 'transactionManager'
2017-08-31 10:17:27 DEBUG DefaultListableBeanFactory 504 - Eagerly caching bean 'transactionManager' to allow for resolving potential circular references
2017-08-31 10:17:27 DEBUG DefaultListableBeanFactory 245 - Returning cached instance of singleton bean 'sessionFactory'
2017-08-31 10:17:27 DEBUG DefaultListableBeanFactory 245 - Returning cached instance of singleton bean 'org.springframework.transaction.config.internalTransactionAdvisor'
2017-08-31 10:17:27 DEBUG DefaultListableBeanFactory 1498 - Invoking afterPropertiesSet() on bean with name 'transactionManager'
2017-08-31 10:17:27 INFO  HibernateTransactionManager 415 - Using DataSource [org.apache.commons.dbcp.BasicDataSource@1eb2326] of Hibernate SessionFactory for HibernateTransactionManager
2017-08-31 10:17:27 DEBUG DefaultListableBeanFactory 245 - Returning cached instance of singleton bean 'org.springframework.transaction.config.internalTransactionAdvisor'
2017-08-31 10:17:27 DEBUG DefaultListableBeanFactory 458 - Finished creating instance of bean 'transactionManager'
2017-08-31 10:17:27 DEBUG DefaultListableBeanFactory 217 - Creating shared instance of singleton bean 'ImpReviewDAO'
2017-08-31 10:17:27 DEBUG DefaultListableBeanFactory 430 - Creating instance of bean 'ImpReviewDAO'
2017-08-31 10:17:27 DEBUG DefaultListableBeanFactory 504 - Eagerly caching bean 'ImpReviewDAO' to allow for resolving potential circular references
2017-08-31 10:17:27 DEBUG DefaultListableBeanFactory 245 - Returning cached instance of singleton bean 'sessionFactory'
2017-08-31 10:17:27 DEBUG DefaultListableBeanFactory 245 - Returning cached instance of singleton bean 'org.springframework.transaction.config.internalTransactionAdvisor'
2017-08-31 10:17:27 DEBUG AnnotationTransactionAttributeSource 106 - Adding transactional method 'update' with attribute: PROPAGATION_REQUIRED,ISOLATION_READ_COMMITTED; '',-java.lang.Exception
2017-08-31 10:17:27 DEBUG InfrastructureAdvisorAutoProxyCreator 538 - Creating implicit proxy for bean 'ImpReviewDAO' with 0 common interceptors and 1 specific interceptors
2017-08-31 10:17:27 DEBUG Cglib2AopProxy 151 - Creating CGLIB2 proxy: target source is SingletonTargetSource for target object [com.R3.daos.ImpReviewDAO@11f74b8]
2017-08-31 10:17:27 DEBUG DefaultListableBeanFactory 245 - Returning cached instance of singleton bean 'org.springframework.transaction.interceptor.TransactionInterceptor#0'
2017-08-31 10:17:27 DEBUG Cglib2AopProxy 799 - Unable to apply any optimisations to advised method: public void com.R3.daos.ImpReviewDAO.update(com.R3.beans.ReviewBean)
2017-08-31 10:17:27 DEBUG AnnotationTransactionAttributeSource 106 - Adding transactional method 'find' with attribute: PROPAGATION_REQUIRED,ISOLATION_READ_COMMITTED; '',-java.lang.Exception
2017-08-31 10:17:27 DEBUG Cglib2AopProxy 799 - Unable to apply any optimisations to advised method: public com.R3.beans.ReviewBean com.R3.daos.ImpReviewDAO.find(com.R3.beans.ReviewBean)
2017-08-31 10:17:27 DEBUG AnnotationTransactionAttributeSource 106 - Adding transactional method 'delete' with attribute: PROPAGATION_REQUIRED,ISOLATION_READ_COMMITTED; '',-java.lang.Exception
2017-08-31 10:17:27 DEBUG Cglib2AopProxy 799 - Unable to apply any optimisations to advised method: public void com.R3.daos.ImpReviewDAO.delete(com.R3.beans.ReviewBean)
2017-08-31 10:17:27 DEBUG AnnotationTransactionAttributeSource 106 - Adding transactional method 'create' with attribute: PROPAGATION_REQUIRED,ISOLATION_READ_COMMITTED; '',-java.lang.Exception
2017-08-31 10:17:27 DEBUG Cglib2AopProxy 799 - Unable to apply any optimisations to advised method: public com.R3.beans.ReviewBean com.R3.daos.ImpReviewDAO.create(com.R3.beans.ReviewBean)
2017-08-31 10:17:27 DEBUG Cglib2AopProxy 799 - Unable to apply any optimisations to advised method: public void com.R3.daos.ImpReviewDAO.setSessionFactory(org.hibernate.SessionFactory)
2017-08-31 10:17:27 DEBUG Cglib2AopProxy 799 - Unable to apply any optimisations to advised method: public java.util.List com.R3.daos.ImpReviewDAO.findAll()
2017-08-31 10:17:27 DEBUG AnnotationTransactionAttributeSource 106 - Adding transactional method 'findById' with attribute: PROPAGATION_REQUIRED,ISOLATION_READ_COMMITTED; '',-java.lang.Exception
2017-08-31 10:17:27 DEBUG Cglib2AopProxy 799 - Unable to apply any optimisations to advised method: public com.R3.beans.ReviewBean com.R3.daos.ImpReviewDAO.findById(int)
2017-08-31 10:17:27 DEBUG Cglib2AopProxy 750 - Found finalize() method - using NO_OVERRIDE
2017-08-31 10:17:27 DEBUG Cglib2AopProxy 762 - Found 'equals' method: public boolean java.lang.Object.equals(java.lang.Object)
2017-08-31 10:17:27 DEBUG Cglib2AopProxy 799 - Unable to apply any optimisations to advised method: public java.lang.String java.lang.Object.toString()
2017-08-31 10:17:27 DEBUG Cglib2AopProxy 767 - Found 'hashCode' method: public native int java.lang.Object.hashCode()
2017-08-31 10:17:27 DEBUG Cglib2AopProxy 799 - Unable to apply any optimisations to advised method: protected native java.lang.Object java.lang.Object.clone() throws java.lang.CloneNotSupportedException
2017-08-31 10:17:27 DEBUG Cglib2AopProxy 756 - Method is declared on Advised interface: public abstract int org.springframework.aop.framework.Advised.indexOf(org.springframework.aop.Advisor)
2017-08-31 10:17:27 DEBUG Cglib2AopProxy 756 - Method is declared on Advised interface: public abstract int org.springframework.aop.framework.Advised.indexOf(org.aopalliance.aop.Advice)
2017-08-31 10:17:27 DEBUG Cglib2AopProxy 756 - Method is declared on Advised interface: public abstract boolean org.springframework.aop.framework.Advised.isFrozen()
2017-08-31 10:17:27 DEBUG Cglib2AopProxy 756 - Method is declared on Advised interface: public abstract boolean org.springframework.aop.framework.Advised.isProxyTargetClass()
2017-08-31 10:17:27 DEBUG Cglib2AopProxy 756 - Method is declared on Advised interface: public abstract org.springframework.aop.TargetSource org.springframework.aop.framework.Advised.getTargetSource()
2017-08-31 10:17:27 DEBUG Cglib2AopProxy 756 - Method is declared on Advised interface: public abstract void org.springframework.aop.framework.Advised.addAdvisor(int,org.springframework.aop.Advisor) throws org.springframework.aop.framework.AopConfigException
2017-08-31 10:17:27 DEBUG Cglib2AopProxy 756 - Method is declared on Advised interface: public abstract void org.springframework.aop.framework.Advised.addAdvisor(org.springframework.aop.Advisor) throws org.springframework.aop.framework.AopConfigException
2017-08-31 10:17:27 DEBUG Cglib2AopProxy 756 - Method is declared on Advised interface: public abstract void org.springframework.aop.framework.Advised.setTargetSource(org.springframework.aop.TargetSource)
2017-08-31 10:17:27 DEBUG Cglib2AopProxy 756 - Method is declared on Advised interface: public abstract void org.springframework.aop.framework.Advised.setPreFiltered(boolean)
2017-08-31 10:17:27 DEBUG Cglib2AopProxy 756 - Method is declared on Advised interface: public abstract void org.springframework.aop.framework.Advised.setExposeProxy(boolean)
2017-08-31 10:17:27 DEBUG Cglib2AopProxy 756 - Method is declared on Advised interface: public abstract boolean org.springframework.aop.framework.Advised.isExposeProxy()
2017-08-31 10:17:27 DEBUG Cglib2AopProxy 756 - Method is declared on Advised interface: public abstract boolean org.springframework.aop.framework.Advised.isInterfaceProxied(java.lang.Class)
2017-08-31 10:17:27 DEBUG Cglib2AopProxy 756 - Method is declared on Advised interface: public abstract java.lang.Class[] org.springframework.aop.framework.Advised.getProxiedInterfaces()
2017-08-31 10:17:27 DEBUG Cglib2AopProxy 756 - Method is declared on Advised interface: public abstract java.lang.String org.springframework.aop.framework.Advised.toProxyConfigString()
2017-08-31 10:17:27 DEBUG Cglib2AopProxy 756 - Method is declared on Advised interface: public abstract org.springframework.aop.Advisor[] org.springframework.aop.framework.Advised.getAdvisors()
2017-08-31 10:17:27 DEBUG Cglib2AopProxy 756 - Method is declared on Advised interface: public abstract void org.springframework.aop.framework.Advised.removeAdvisor(int) throws org.springframework.aop.framework.AopConfigException
2017-08-31 10:17:27 DEBUG Cglib2AopProxy 756 - Method is declared on Advised interface: public abstract boolean org.springframework.aop.framework.Advised.removeAdvisor(org.springframework.aop.Advisor)
2017-08-31 10:17:27 DEBUG Cglib2AopProxy 756 - Method is declared on Advised interface: public abstract boolean org.springframework.aop.framework.Advised.isPreFiltered()
2017-08-31 10:17:27 DEBUG Cglib2AopProxy 756 - Method is declared on Advised interface: public abstract void org.springframework.aop.framework.Advised.addAdvice(org.aopalliance.aop.Advice) throws org.springframework.aop.framework.AopConfigException
2017-08-31 10:17:27 DEBUG Cglib2AopProxy 756 - Method is declared on Advised interface: public abstract void org.springframework.aop.framework.Advised.addAdvice(int,org.aopalliance.aop.Advice) throws org.springframework.aop.framework.AopConfigException
2017-08-31 10:17:27 DEBUG Cglib2AopProxy 756 - Method is declared on Advised interface: public abstract boolean org.springframework.aop.framework.Advised.replaceAdvisor(org.springframework.aop.Advisor,org.springframework.aop.Advisor) throws org.springframework.aop.framework.AopConfigException
2017-08-31 10:17:27 DEBUG Cglib2AopProxy 756 - Method is declared on Advised interface: public abstract boolean org.springframework.aop.framework.Advised.removeAdvice(org.aopalliance.aop.Advice)
2017-08-31 10:17:27 DEBUG Cglib2AopProxy 756 - Method is declared on Advised interface: public abstract java.lang.Class org.springframework.aop.TargetClassAware.getTargetClass()
2017-08-31 10:17:27 DEBUG DefaultListableBeanFactory 458 - Finished creating instance of bean 'ImpReviewDAO'
2017-08-31 10:17:27 DEBUG DefaultListableBeanFactory 217 - Creating shared instance of singleton bean 'UserDAO'
2017-08-31 10:17:27 DEBUG DefaultListableBeanFactory 430 - Creating instance of bean 'UserDAO'
2017-08-31 10:17:27 DEBUG DefaultListableBeanFactory 504 - Eagerly caching bean 'UserDAO' to allow for resolving potential circular references
2017-08-31 10:17:27 DEBUG DefaultListableBeanFactory 245 - Returning cached instance of singleton bean 'sessionFactory'
2017-08-31 10:17:27 DEBUG DefaultListableBeanFactory 245 - Returning cached instance of singleton bean 'org.springframework.transaction.config.internalTransactionAdvisor'
2017-08-31 10:17:27 DEBUG AnnotationTransactionAttributeSource 106 - Adding transactional method 'delete' with attribute: PROPAGATION_REQUIRED,ISOLATION_READ_COMMITTED; '',-java.lang.Exception
2017-08-31 10:17:27 DEBUG InfrastructureAdvisorAutoProxyCreator 538 - Creating implicit proxy for bean 'UserDAO' with 0 common interceptors and 1 specific interceptors
2017-08-31 10:17:27 DEBUG Cglib2AopProxy 151 - Creating CGLIB2 proxy: target source is SingletonTargetSource for target object [com.R3.daos.UserDAO@bd581e]
2017-08-31 10:17:27 DEBUG Cglib2AopProxy 799 - Unable to apply any optimisations to advised method: public void com.R3.daos.UserDAO.delete(com.R3.beans.UserBean)
2017-08-31 10:17:27 DEBUG AnnotationTransactionAttributeSource 106 - Adding transactional method 'save' with attribute: PROPAGATION_REQUIRED,ISOLATION_READ_COMMITTED; '',-java.lang.Exception
2017-08-31 10:17:27 DEBUG Cglib2AopProxy 799 - Unable to apply any optimisations to advised method: public com.R3.beans.UserBean com.R3.daos.UserDAO.save(com.R3.beans.UserBean)
2017-08-31 10:17:27 DEBUG Cglib2AopProxy 799 - Unable to apply any optimisations to advised method: public void com.R3.daos.UserDAO.setSessionFactory(org.hibernate.SessionFactory)
2017-08-31 10:17:27 DEBUG AnnotationTransactionAttributeSource 106 - Adding transactional method 'findOne' with attribute: PROPAGATION_REQUIRED,ISOLATION_READ_COMMITTED; '',-java.lang.Exception
2017-08-31 10:17:27 DEBUG Cglib2AopProxy 799 - Unable to apply any optimisations to advised method: public com.R3.beans.UserBean com.R3.daos.UserDAO.findOne(com.R3.beans.UserBean)
2017-08-31 10:17:27 DEBUG AnnotationTransactionAttributeSource 106 - Adding transactional method 'findAllUsers' with attribute: PROPAGATION_REQUIRED,ISOLATION_READ_COMMITTED; '',-java.lang.Exception
2017-08-31 10:17:27 DEBUG Cglib2AopProxy 799 - Unable to apply any optimisations to advised method: public java.util.List com.R3.daos.UserDAO.findAllUsers()
2017-08-31 10:17:27 DEBUG AnnotationTransactionAttributeSource 106 - Adding transactional method 'getAllReviewsByUserId' with attribute: PROPAGATION_REQUIRED,ISOLATION_READ_COMMITTED; '',-java.lang.Exception
2017-08-31 10:17:27 DEBUG Cglib2AopProxy 799 - Unable to apply any optimisations to advised method: public java.util.List com.R3.daos.UserDAO.getAllReviewsByUserId(java.lang.Integer)
2017-08-31 10:17:27 DEBUG Cglib2AopProxy 750 - Found finalize() method - using NO_OVERRIDE
2017-08-31 10:17:27 DEBUG Cglib2AopProxy 762 - Found 'equals' method: public boolean java.lang.Object.equals(java.lang.Object)
2017-08-31 10:17:27 DEBUG Cglib2AopProxy 799 - Unable to apply any optimisations to advised method: public java.lang.String java.lang.Object.toString()
2017-08-31 10:17:27 DEBUG Cglib2AopProxy 767 - Found 'hashCode' method: public native int java.lang.Object.hashCode()
2017-08-31 10:17:27 DEBUG Cglib2AopProxy 799 - Unable to apply any optimisations to advised method: protected native java.lang.Object java.lang.Object.clone() throws java.lang.CloneNotSupportedException
2017-08-31 10:17:27 DEBUG Cglib2AopProxy 756 - Method is declared on Advised interface: public abstract int org.springframework.aop.framework.Advised.indexOf(org.springframework.aop.Advisor)
2017-08-31 10:17:27 DEBUG Cglib2AopProxy 756 - Method is declared on Advised interface: public abstract int org.springframework.aop.framework.Advised.indexOf(org.aopalliance.aop.Advice)
2017-08-31 10:17:27 DEBUG Cglib2AopProxy 756 - Method is declared on Advised interface: public abstract boolean org.springframework.aop.framework.Advised.isFrozen()
2017-08-31 10:17:27 DEBUG Cglib2AopProxy 756 - Method is declared on Advised interface: public abstract boolean org.springframework.aop.framework.Advised.isProxyTargetClass()
2017-08-31 10:17:27 DEBUG Cglib2AopProxy 756 - Method is declared on Advised interface: public abstract org.springframework.aop.TargetSource org.springframework.aop.framework.Advised.getTargetSource()
2017-08-31 10:17:27 DEBUG Cglib2AopProxy 756 - Method is declared on Advised interface: public abstract void org.springframework.aop.framework.Advised.addAdvisor(int,org.springframework.aop.Advisor) throws org.springframework.aop.framework.AopConfigException
2017-08-31 10:17:27 DEBUG Cglib2AopProxy 756 - Method is declared on Advised interface: public abstract void org.springframework.aop.framework.Advised.addAdvisor(org.springframework.aop.Advisor) throws org.springframework.aop.framework.AopConfigException
2017-08-31 10:17:27 DEBUG Cglib2AopProxy 756 - Method is declared on Advised interface: public abstract void org.springframework.aop.framework.Advised.setTargetSource(org.springframework.aop.TargetSource)
2017-08-31 10:17:27 DEBUG Cglib2AopProxy 756 - Method is declared on Advised interface: public abstract void org.springframework.aop.framework.Advised.setPreFiltered(boolean)
2017-08-31 10:17:27 DEBUG Cglib2AopProxy 756 - Method is declared on Advised interface: public abstract void org.springframework.aop.framework.Advised.setExposeProxy(boolean)
2017-08-31 10:17:27 DEBUG Cglib2AopProxy 756 - Method is declared on Advised interface: public abstract boolean org.springframework.aop.framework.Advised.isExposeProxy()
2017-08-31 10:17:27 DEBUG Cglib2AopProxy 756 - Method is declared on Advised interface: public abstract boolean org.springframework.aop.framework.Advised.isInterfaceProxied(java.lang.Class)
2017-08-31 10:17:27 DEBUG Cglib2AopProxy 756 - Method is declared on Advised interface: public abstract java.lang.Class[] org.springframework.aop.framework.Advised.getProxiedInterfaces()
2017-08-31 10:17:27 DEBUG Cglib2AopProxy 756 - Method is declared on Advised interface: public abstract java.lang.String org.springframework.aop.framework.Advised.toProxyConfigString()
2017-08-31 10:17:27 DEBUG Cglib2AopProxy 756 - Method is declared on Advised interface: public abstract org.springframework.aop.Advisor[] org.springframework.aop.framework.Advised.getAdvisors()
2017-08-31 10:17:27 DEBUG Cglib2AopProxy 756 - Method is declared on Advised interface: public abstract void org.springframework.aop.framework.Advised.removeAdvisor(int) throws org.springframework.aop.framework.AopConfigException
2017-08-31 10:17:27 DEBUG Cglib2AopProxy 756 - Method is declared on Advised interface: public abstract boolean org.springframework.aop.framework.Advised.removeAdvisor(org.springframework.aop.Advisor)
2017-08-31 10:17:27 DEBUG Cglib2AopProxy 756 - Method is declared on Advised interface: public abstract boolean org.springframework.aop.framework.Advised.isPreFiltered()
2017-08-31 10:17:27 DEBUG Cglib2AopProxy 756 - Method is declared on Advised interface: public abstract void org.springframework.aop.framework.Advised.addAdvice(org.aopalliance.aop.Advice) throws org.springframework.aop.framework.AopConfigException
2017-08-31 10:17:27 DEBUG Cglib2AopProxy 756 - Method is declared on Advised interface: public abstract void org.springframework.aop.framework.Advised.addAdvice(int,org.aopalliance.aop.Advice) throws org.springframework.aop.framework.AopConfigException
2017-08-31 10:17:27 DEBUG Cglib2AopProxy 756 - Method is declared on Advised interface: public abstract boolean org.springframework.aop.framework.Advised.replaceAdvisor(org.springframework.aop.Advisor,org.springframework.aop.Advisor) throws org.springframework.aop.framework.AopConfigException
2017-08-31 10:17:27 DEBUG Cglib2AopProxy 756 - Method is declared on Advised interface: public abstract boolean org.springframework.aop.framework.Advised.removeAdvice(org.aopalliance.aop.Advice)
2017-08-31 10:17:27 DEBUG Cglib2AopProxy 756 - Method is declared on Advised interface: public abstract java.lang.Class org.springframework.aop.TargetClassAware.getTargetClass()
2017-08-31 10:17:27 DEBUG DefaultListableBeanFactory 458 - Finished creating instance of bean 'UserDAO'
2017-08-31 10:17:27 DEBUG DefaultListableBeanFactory 217 - Creating shared instance of singleton bean 'RestaurantDAO'
2017-08-31 10:17:27 DEBUG DefaultListableBeanFactory 430 - Creating instance of bean 'RestaurantDAO'
2017-08-31 10:17:27 DEBUG DefaultListableBeanFactory 504 - Eagerly caching bean 'RestaurantDAO' to allow for resolving potential circular references
2017-08-31 10:17:27 DEBUG DefaultListableBeanFactory 245 - Returning cached instance of singleton bean 'sessionFactory'
2017-08-31 10:17:27 DEBUG DefaultListableBeanFactory 245 - Returning cached instance of singleton bean 'org.springframework.transaction.config.internalTransactionAdvisor'
2017-08-31 10:17:27 DEBUG AnnotationTransactionAttributeSource 106 - Adding transactional method 'update' with attribute: PROPAGATION_REQUIRED,ISOLATION_READ_COMMITTED; '',-java.lang.Exception
2017-08-31 10:17:27 DEBUG InfrastructureAdvisorAutoProxyCreator 538 - Creating implicit proxy for bean 'RestaurantDAO' with 0 common interceptors and 1 specific interceptors
2017-08-31 10:17:27 DEBUG Cglib2AopProxy 151 - Creating CGLIB2 proxy: target source is SingletonTargetSource for target object [com.R3.daos.RestaurantDAO@1d69e82]
2017-08-31 10:17:27 DEBUG Cglib2AopProxy 799 - Unable to apply any optimisations to advised method: public void com.R3.daos.RestaurantDAO.update(com.R3.beans.RestaurantBean)
2017-08-31 10:17:27 DEBUG AnnotationTransactionAttributeSource 106 - Adding transactional method 'delete' with attribute: PROPAGATION_REQUIRED,ISOLATION_READ_COMMITTED; '',-java.lang.Exception
2017-08-31 10:17:27 DEBUG Cglib2AopProxy 799 - Unable to apply any optimisations to advised method: public void com.R3.daos.RestaurantDAO.delete(com.R3.beans.RestaurantBean)
2017-08-31 10:17:27 DEBUG AnnotationTransactionAttributeSource 106 - Adding transactional method 'save' with attribute: PROPAGATION_REQUIRED,ISOLATION_READ_COMMITTED; '',-java.lang.Exception
2017-08-31 10:17:27 DEBUG Cglib2AopProxy 799 - Unable to apply any optimisations to advised method: public com.R3.beans.RestaurantBean com.R3.daos.RestaurantDAO.save(com.R3.beans.RestaurantBean)
2017-08-31 10:17:27 DEBUG Cglib2AopProxy 799 - Unable to apply any optimisations to advised method: public void com.R3.daos.RestaurantDAO.setSessionFactory(org.hibernate.SessionFactory)
2017-08-31 10:17:27 DEBUG AnnotationTransactionAttributeSource 106 - Adding transactional method 'findAllRestaurants' with attribute: PROPAGATION_REQUIRED,ISOLATION_READ_COMMITTED; '',-java.lang.Exception
2017-08-31 10:17:27 DEBUG Cglib2AopProxy 799 - Unable to apply any optimisations to advised method: public java.util.List com.R3.daos.RestaurantDAO.findAllRestaurants()
2017-08-31 10:17:27 DEBUG AnnotationTransactionAttributeSource 106 - Adding transactional method 'findByRestaurant' with attribute: PROPAGATION_REQUIRED,ISOLATION_READ_COMMITTED; '',-java.lang.Exception
2017-08-31 10:17:27 DEBUG Cglib2AopProxy 799 - Unable to apply any optimisations to advised method: public com.R3.beans.RestaurantBean com.R3.daos.RestaurantDAO.findByRestaurant(com.R3.beans.RestaurantBean)
2017-08-31 10:17:27 DEBUG AnnotationTransactionAttributeSource 106 - Adding transactional method 'deleteById' with attribute: PROPAGATION_REQUIRED,ISOLATION_READ_COMMITTED; '',-java.lang.Exception
2017-08-31 10:17:27 DEBUG Cglib2AopProxy 799 - Unable to apply any optimisations to advised method: public void com.R3.daos.RestaurantDAO.deleteById(int)
2017-08-31 10:17:27 DEBUG Cglib2AopProxy 750 - Found finalize() method - using NO_OVERRIDE
2017-08-31 10:17:27 DEBUG Cglib2AopProxy 762 - Found 'equals' method: public boolean java.lang.Object.equals(java.lang.Object)
2017-08-31 10:17:27 DEBUG Cglib2AopProxy 799 - Unable to apply any optimisations to advised method: public java.lang.String java.lang.Object.toString()
2017-08-31 10:17:27 DEBUG Cglib2AopProxy 767 - Found 'hashCode' method: public native int java.lang.Object.hashCode()
2017-08-31 10:17:27 DEBUG Cglib2AopProxy 799 - Unable to apply any optimisations to advised method: protected native java.lang.Object java.lang.Object.clone() throws java.lang.CloneNotSupportedException
2017-08-31 10:17:27 DEBUG Cglib2AopProxy 756 - Method is declared on Advised interface: public abstract int org.springframework.aop.framework.Advised.indexOf(org.springframework.aop.Advisor)
2017-08-31 10:17:27 DEBUG Cglib2AopProxy 756 - Method is declared on Advised interface: public abstract int org.springframework.aop.framework.Advised.indexOf(org.aopalliance.aop.Advice)
2017-08-31 10:17:27 DEBUG Cglib2AopProxy 756 - Method is declared on Advised interface: public abstract boolean org.springframework.aop.framework.Advised.isFrozen()
2017-08-31 10:17:27 DEBUG Cglib2AopProxy 756 - Method is declared on Advised interface: public abstract boolean org.springframework.aop.framework.Advised.isProxyTargetClass()
2017-08-31 10:17:27 DEBUG Cglib2AopProxy 756 - Method is declared on Advised interface: public abstract org.springframework.aop.TargetSource org.springframework.aop.framework.Advised.getTargetSource()
2017-08-31 10:17:27 DEBUG Cglib2AopProxy 756 - Method is declared on Advised interface: public abstract void org.springframework.aop.framework.Advised.addAdvisor(int,org.springframework.aop.Advisor) throws org.springframework.aop.framework.AopConfigException
2017-08-31 10:17:27 DEBUG Cglib2AopProxy 756 - Method is declared on Advised interface: public abstract void org.springframework.aop.framework.Advised.addAdvisor(org.springframework.aop.Advisor) throws org.springframework.aop.framework.AopConfigException
2017-08-31 10:17:27 DEBUG Cglib2AopProxy 756 - Method is declared on Advised interface: public abstract void org.springframework.aop.framework.Advised.setTargetSource(org.springframework.aop.TargetSource)
2017-08-31 10:17:27 DEBUG Cglib2AopProxy 756 - Method is declared on Advised interface: public abstract void org.springframework.aop.framework.Advised.setPreFiltered(boolean)
2017-08-31 10:17:27 DEBUG Cglib2AopProxy 756 - Method is declared on Advised interface: public abstract void org.springframework.aop.framework.Advised.setExposeProxy(boolean)
2017-08-31 10:17:27 DEBUG Cglib2AopProxy 756 - Method is declared on Advised interface: public abstract boolean org.springframework.aop.framework.Advised.isExposeProxy()
2017-08-31 10:17:27 DEBUG Cglib2AopProxy 756 - Method is declared on Advised interface: public abstract boolean org.springframework.aop.framework.Advised.isInterfaceProxied(java.lang.Class)
2017-08-31 10:17:27 DEBUG Cglib2AopProxy 756 - Method is declared on Advised interface: public abstract java.lang.Class[] org.springframework.aop.framework.Advised.getProxiedInterfaces()
2017-08-31 10:17:27 DEBUG Cglib2AopProxy 756 - Method is declared on Advised interface: public abstract java.lang.String org.springframework.aop.framework.Advised.toProxyConfigString()
2017-08-31 10:17:27 DEBUG Cglib2AopProxy 756 - Method is declared on Advised interface: public abstract org.springframework.aop.Advisor[] org.springframework.aop.framework.Advised.getAdvisors()
2017-08-31 10:17:27 DEBUG Cglib2AopProxy 756 - Method is declared on Advised interface: public abstract void org.springframework.aop.framework.Advised.removeAdvisor(int) throws org.springframework.aop.framework.AopConfigException
2017-08-31 10:17:27 DEBUG Cglib2AopProxy 756 - Method is declared on Advised interface: public abstract boolean org.springframework.aop.framework.Advised.removeAdvisor(org.springframework.aop.Advisor)
2017-08-31 10:17:27 DEBUG Cglib2AopProxy 756 - Method is declared on Advised interface: public abstract boolean org.springframework.aop.framework.Advised.isPreFiltered()
2017-08-31 10:17:27 DEBUG Cglib2AopProxy 756 - Method is declared on Advised interface: public abstract void org.springframework.aop.framework.Advised.addAdvice(org.aopalliance.aop.Advice) throws org.springframework.aop.framework.AopConfigException
2017-08-31 10:17:27 DEBUG Cglib2AopProxy 756 - Method is declared on Advised interface: public abstract void org.springframework.aop.framework.Advised.addAdvice(int,org.aopalliance.aop.Advice) throws org.springframework.aop.framework.AopConfigException
2017-08-31 10:17:27 DEBUG Cglib2AopProxy 756 - Method is declared on Advised interface: public abstract boolean org.springframework.aop.framework.Advised.replaceAdvisor(org.springframework.aop.Advisor,org.springframework.aop.Advisor) throws org.springframework.aop.framework.AopConfigException
2017-08-31 10:17:27 DEBUG Cglib2AopProxy 756 - Method is declared on Advised interface: public abstract boolean org.springframework.aop.framework.Advised.removeAdvice(org.aopalliance.aop.Advice)
2017-08-31 10:17:27 DEBUG Cglib2AopProxy 756 - Method is declared on Advised interface: public abstract java.lang.Class org.springframework.aop.TargetClassAware.getTargetClass()
2017-08-31 10:17:27 DEBUG DefaultListableBeanFactory 458 - Finished creating instance of bean 'RestaurantDAO'
2017-08-31 10:17:27 DEBUG ClassPathXmlApplicationContext 851 - Unable to locate LifecycleProcessor with name 'lifecycleProcessor': using default [org.springframework.context.support.DefaultLifecycleProcessor@185300e]
2017-08-31 10:17:27 DEBUG DefaultListableBeanFactory 245 - Returning cached instance of singleton bean 'lifecycleProcessor'
2017-08-31 10:17:27 DEBUG DefaultListableBeanFactory 245 - Returning cached instance of singleton bean 'RestaurantDAO'
2017-08-31 10:17:27 DEBUG DefaultListableBeanFactory 245 - Returning cached instance of singleton bean 'transactionManager'
2017-08-31 10:17:27 DEBUG HibernateTransactionManager 365 - Creating new transaction with name [com.R3.daos.RestaurantDAO.findAllRestaurants]: PROPAGATION_REQUIRED,ISOLATION_READ_COMMITTED; '',-java.lang.Exception
2017-08-31 10:17:27 DEBUG HibernateTransactionManager 493 - Opened new Session [org.hibernate.impl.SessionImpl@1b68ec6] for Hibernate transaction
2017-08-31 10:17:27 DEBUG HibernateTransactionManager 504 - Preparing JDBC Connection of Hibernate Session [org.hibernate.impl.SessionImpl@1b68ec6]
2017-08-31 10:17:27 DEBUG DataSourceUtils 187 - Changing isolation level of JDBC Connection [jdbc:oracle:thin:@revature-testing-will.cdgijuypah2d.us-east-1.rds.amazonaws.com:1521:ORCL, UserName=TRMSINFO, Oracle JDBC driver] to 2
2017-08-31 10:17:27 DEBUG HibernateTransactionManager 569 - Exposing Hibernate transaction as JDBC transaction [jdbc:oracle:thin:@revature-testing-will.cdgijuypah2d.us-east-1.rds.amazonaws.com:1521:ORCL, UserName=TRMSINFO, Oracle JDBC driver]
2017-08-31 10:17:27 DEBUG HibernateTransactionManager 752 - Initiating transaction commit
2017-08-31 10:17:27 DEBUG HibernateTransactionManager 652 - Committing Hibernate transaction on Session [org.hibernate.impl.SessionImpl@1b68ec6]
2017-08-31 10:17:27 DEBUG HibernateTransactionManager 734 - Closing Hibernate Session [org.hibernate.impl.SessionImpl@1b68ec6] after transaction
2017-08-31 10:17:27 DEBUG SessionFactoryUtils 800 - Closing Hibernate Session
2017-08-31 10:17:27 DEBUG DefaultListableBeanFactory 245 - Returning cached instance of singleton bean 'RestaurantDAO'
2017-08-31 10:17:27 DEBUG DefaultListableBeanFactory 245 - Returning cached instance of singleton bean 'transactionManager'
2017-08-31 10:17:27 DEBUG HibernateTransactionManager 365 - Creating new transaction with name [com.R3.daos.RestaurantDAO.save]: PROPAGATION_REQUIRED,ISOLATION_READ_COMMITTED; '',-java.lang.Exception
2017-08-31 10:17:27 DEBUG HibernateTransactionManager 493 - Opened new Session [org.hibernate.impl.SessionImpl@16f0a60] for Hibernate transaction
2017-08-31 10:17:27 DEBUG HibernateTransactionManager 504 - Preparing JDBC Connection of Hibernate Session [org.hibernate.impl.SessionImpl@16f0a60]
2017-08-31 10:17:27 DEBUG DataSourceUtils 187 - Changing isolation level of JDBC Connection [jdbc:oracle:thin:@revature-testing-will.cdgijuypah2d.us-east-1.rds.amazonaws.com:1521:ORCL, UserName=TRMSINFO, Oracle JDBC driver] to 2
2017-08-31 10:17:27 DEBUG HibernateTransactionManager 569 - Exposing Hibernate transaction as JDBC transaction [jdbc:oracle:thin:@revature-testing-will.cdgijuypah2d.us-east-1.rds.amazonaws.com:1521:ORCL, UserName=TRMSINFO, Oracle JDBC driver]
2017-08-31 10:17:27 DEBUG HibernateTransactionManager 752 - Initiating transaction commit
2017-08-31 10:17:27 DEBUG HibernateTransactionManager 652 - Committing Hibernate transaction on Session [org.hibernate.impl.SessionImpl@16f0a60]
2017-08-31 10:17:27 DEBUG HibernateTransactionManager 734 - Closing Hibernate Session [org.hibernate.impl.SessionImpl@16f0a60] after transaction
2017-08-31 10:17:27 DEBUG SessionFactoryUtils 800 - Closing Hibernate Session
